2024-06-09 18:10:53 Loading main app package /usr/lib/obsidian/obsidian.asar
2024-06-09 18:10:53 Checking for update using Github
2024-06-09 18:10:54 Success.
2024-06-09 18:10:54 Latest version is 1.6.3
2024-06-09 18:10:54 App is up to date.
2024-06-09 18:17:32 Loading main app package /usr/lib/obsidian/obsidian.asar
2024-06-09 18:17:32 Checking for update using Github
2024-06-09 18:17:32 Success.
2024-06-09 18:17:32 Latest version is 1.6.3
2024-06-09 18:17:32 App is up to date.
2024-06-09 18:22:41 Loading main app package /usr/lib/obsidian/obsidian.asar
2024-06-09 18:22:41 Checking for update using Github
2024-06-09 18:22:41 Success.
2024-06-09 18:22:41 Latest version is 1.6.3
2024-06-09 18:22:41 App is up to date.
2024-06-09 18:26:59 Loading main app package /usr/lib/obsidian/obsidian.asar
2024-06-09 18:26:59 Checking for update using Github
2024-06-09 18:26:59 Success.
2024-06-09 18:26:59 Latest version is 1.6.3
2024-06-09 18:26:59 App is up to date.
2024-06-09 19:03:00 Loading main app package /usr/lib/obsidian/obsidian.asar
2024-06-09 19:03:00 Checking for update using Github
2024-06-09 19:03:00 Success.
2024-06-09 19:03:00 Latest version is 1.6.3
2024-06-09 19:03:00 App is up to date.
2024-06-09 19:15:06 Loading main app package /usr/lib/obsidian/obsidian.asar
2024-06-09 19:15:06 Checking for update using Github
2024-06-09 19:15:06 Success.
2024-06-09 19:15:06 Latest version is 1.6.3
2024-06-09 19:15:06 App is up to date.
2024-06-10 01:24:21 Loading main app package /usr/lib/obsidian/obsidian.asar
2024-06-10 01:24:21 Checking for update using Github
2024-06-10 01:24:22 Success.
2024-06-10 01:24:22 Latest version is 1.6.3
2024-06-10 01:24:22 App is up to date.
2024-06-10 02:24:23 Checking for update using Github
2024-06-10 02:24:23 Success.
2024-06-10 02:24:23 Latest version is 1.6.3
2024-06-10 02:24:23 App is up to date.
2024-06-10 15:26:56 Loading main app package /usr/lib/obsidian/obsidian.asar
2024-06-10 15:26:56 Checking for update using Github
2024-06-10 15:26:56 Success.
2024-06-10 15:26:56 Latest version is 1.6.3
2024-06-10 15:26:56 App is up to date.
2024-06-12 01:16:02 Loading main app package /usr/lib/obsidian/obsidian.asar
2024-06-12 01:16:03 Checking for update using Github
2024-06-12 01:16:03 Success.
2024-06-12 01:16:03 Latest version is 1.6.3
2024-06-12 01:16:03 App is up to date.
2024-06-14 02:15:15 Loading main app package /usr/lib/obsidian/obsidian.asar
2024-06-14 02:15:16 Checking for update using Github
2024-06-14 02:15:16 Success.
2024-06-14 02:15:16 Latest version is 1.6.3
2024-06-14 02:15:16 App is up to date.
2024-06-15 22:25:13 Loading main app package /usr/lib/obsidian/obsidian.asar
2024-06-15 22:25:14 Checking for update using Github
2024-06-15 22:25:14 Success.
2024-06-15 22:25:14 Latest version is 1.6.3
2024-06-15 22:25:14 App is up to date.
2024-06-15 23:47:39 Checking for update using Github
2024-06-15 23:47:39 Success.
2024-06-15 23:47:39 Latest version is 1.6.3
2024-06-15 23:47:39 App is up to date.
2024-06-17 02:11:40 Checking for update using Github
2024-06-17 02:11:40 Success.
2024-06-17 02:11:40 Latest version is 1.6.3
2024-06-17 02:11:40 App is up to date.
2024-06-18 01:43:17 Loading main app package /usr/lib/obsidian/obsidian.asar
2024-06-18 01:43:18 Checking for update using Github
2024-06-18 01:43:18 Success.
2024-06-18 01:43:18 Latest version is 1.6.3
2024-06-18 01:43:18 App is up to date.
2024-06-22 02:53:08 Loading main app package /usr/lib/obsidian/obsidian.asar
2024-06-22 02:53:08 Checking for update using Github
2024-06-22 02:53:09 Success.
2024-06-22 02:53:09 Latest version is 1.6.3
2024-06-22 02:53:09 App is up to date.
2024-06-22 03:53:08 Checking for update using Github
2024-06-22 03:53:08 Success.
2024-06-22 03:53:08 Latest version is 1.6.3
2024-06-22 03:53:08 App is up to date.
2024-06-22 04:53:08 Checking for update using Github
2024-06-22 04:53:08 Success.
2024-06-22 04:53:08 Latest version is 1.6.3
2024-06-22 04:53:08 App is up to date.
2024-06-22 05:34:18 Loading main app package /usr/lib/obsidian/obsidian.asar
2024-06-22 05:34:18 Checking for update using Github
2024-06-22 05:34:19 Success.
2024-06-22 05:34:19 Latest version is 1.6.3
2024-06-22 05:34:19 App is up to date.
2024-06-23 22:56:05 Loading main app package /usr/lib/obsidian/obsidian.asar
2024-06-23 22:56:06 Checking for update using Github
2024-06-23 22:56:06 Success.
2024-06-23 22:56:06 Latest version is 1.6.3
2024-06-23 22:56:06 App is up to date.
2024-07-01 17:22:33 Loading main app package /usr/lib/obsidian/obsidian.asar
2024-07-01 17:22:34 Checking for update using Github
2024-07-01 17:22:34 Success.
2024-07-01 17:22:34 Latest version is 1.6.5
2024-07-01 17:22:34 App is up to date.
2024-07-07 03:52:39 Loading main app package /usr/lib/obsidian/obsidian.asar
2024-07-07 03:52:39 Checking for update using Github
2024-07-07 03:52:39 Success.
2024-07-07 03:52:39 Latest version is 1.6.5
2024-07-07 03:52:39 App is up to date.
2024-07-07 04:18:48 Loading main app package /usr/lib/obsidian/obsidian.asar
2024-07-07 04:18:48 Checking for update using Github
2024-07-07 04:18:49 Success.
2024-07-07 04:18:49 Latest version is 1.6.5
2024-07-07 04:18:49 App is up to date.
2024-07-08 01:30:01 Loading main app package /usr/lib/obsidian/obsidian.asar
2024-07-08 01:30:02 Checking for update using Github
2024-07-08 01:30:03 Success.
2024-07-08 01:30:03 Latest version is 1.6.5
2024-07-08 01:30:03 App is up to date.
2024-07-08 02:33:46 Checking for update using Github
2024-07-08 02:33:46 Success.
2024-07-08 02:33:46 Latest version is 1.6.5
2024-07-08 02:33:46 App is up to date.
2024-07-08 03:33:46 Checking for update using Github
2024-07-08 03:33:46 Success.
2024-07-08 03:33:46 Latest version is 1.6.5
2024-07-08 03:33:46 App is up to date.
2024-07-09 01:57:21 Loading main app package /usr/lib/obsidian/obsidian.asar
2024-07-09 01:57:22 Checking for update using Github
2024-07-09 01:57:22 Success.
2024-07-09 01:57:22 Latest version is 1.6.5
2024-07-09 01:57:22 App is up to date.
2024-07-09 04:39:56 Loading main app package /usr/lib/obsidian/obsidian.asar
2024-07-09 04:39:56 Checking for update using Github
2024-07-09 04:39:57 Success.
2024-07-09 04:39:57 Latest version is 1.6.5
2024-07-09 04:39:57 App is up to date.
2024-07-11 01:54:30 Loading main app package /usr/lib/obsidian/obsidian.asar
2024-07-11 01:54:30 Checking for update using Github
2024-07-11 01:54:31 Success.
2024-07-11 01:54:31 Latest version is 1.6.5
2024-07-11 01:54:31 App is up to date.
2024-07-12 02:39:00 Loading main app package /usr/lib/obsidian/obsidian.asar
2024-07-12 02:39:01 Checking for update using Github
2024-07-12 02:39:01 Success.
2024-07-12 02:39:01 Latest version is 1.6.5
2024-07-12 02:39:01 App is up to date.
2024-07-12 03:39:00 Checking for update using Github
2024-07-12 03:39:00 Success.
2024-07-12 03:39:00 Latest version is 1.6.5
2024-07-12 03:39:00 App is up to date.
2024-07-12 04:39:00 Checking for update using Github
2024-07-12 04:39:00 Success.
2024-07-12 04:39:00 Latest version is 1.6.5
2024-07-12 04:39:00 App is up to date.
2024-07-13 04:47:50 Checking for update using Github
2024-07-13 04:47:50 Success.
2024-07-13 04:47:50 Latest version is 1.6.5
2024-07-13 04:47:50 App is up to date.
2024-08-02 01:30:33 Loading main app package /usr/lib/obsidian/obsidian.asar
2024-08-02 01:30:34 Checking for update using Github
2024-08-02 01:30:34 Success.
2024-08-02 01:30:34 Latest version is 1.6.7
2024-08-02 01:30:34 App is up to date.
2024-08-02 02:30:33 Checking for update using Github
2024-08-02 02:30:33 Success.
2024-08-02 02:30:33 Latest version is 1.6.7
2024-08-02 02:30:33 App is up to date.
2024-08-09 19:12:13 Loading main app package /usr/lib/obsidian/obsidian.asar
2024-08-09 19:12:14 Checking for update using Github
2024-08-09 19:12:14 Success.
2024-08-09 19:12:14 Latest version is 1.6.7
2024-08-09 19:12:14 App is up to date.
2024-08-09 20:12:13 Checking for update using Github
2024-08-09 20:12:13 Success.
2024-08-09 20:12:13 Latest version is 1.6.7
2024-08-09 20:12:13 App is up to date.
2024-08-15 22:45:27 Loading main app package /usr/lib/obsidian/obsidian.asar
2024-08-15 22:45:27 Checking for update using Github
2024-08-15 22:45:28 Success.
2024-08-15 22:45:28 Latest version is 1.6.7
2024-08-15 22:45:28 App is up to date.
2024-08-15 23:45:27 Checking for update using Github
2024-08-15 23:45:27 Success.
2024-08-15 23:45:27 Latest version is 1.6.7
2024-08-15 23:45:27 App is up to date.
2024-10-15 19:21:10 Loading main app package /usr/lib/obsidian/obsidian.asar
2024-10-15 19:21:11 Checking for update using Github
2024-10-15 19:21:11 Success.
2024-10-15 19:21:11 Latest version is 1.6.7
2024-10-15 19:21:11 App is up to date.
2024-10-16 18:23:22 Checking for update using Github
2024-10-16 18:23:23 Success.
2024-10-16 18:23:23 Latest version is 1.6.7
2024-10-16 18:23:23 App is up to date.
2024-10-16 19:40:49 Checking for update using Github
2024-10-16 19:40:49 Success.
2024-10-16 19:40:49 Latest version is 1.6.7
2024-10-16 19:40:49 App is up to date.
2024-10-17 18:31:38 Loading main app package /usr/lib/obsidian/obsidian.asar
2024-10-17 18:31:38 Checking for update using Github
2024-10-17 18:31:39 Success.
2024-10-17 18:31:39 Latest version is 1.7.4
2024-10-17 18:31:39 App is up to date.
2024-10-17 20:47:34 Checking for update using Github
2024-10-17 20:47:35 Success.
2024-10-17 20:47:35 Latest version is 1.7.4
2024-10-17 20:47:35 App is up to date.
2024-10-23 18:17:15 Loading main app package /usr/lib/obsidian/obsidian.asar
2024-10-23 18:17:16 Checking for update using Github
2024-10-23 18:17:16 Success.
2024-10-23 18:17:16 Latest version is 1.7.4
2024-10-23 18:17:16 App is up to date.
2025-01-21 19:29:01 Loading main app package /usr/lib/obsidian/obsidian.asar
2025-01-21 19:29:01 Checking for update using Github
2025-01-21 19:29:02 Success.
2025-01-21 19:29:02 Latest version is 1.7.7
2025-01-21 19:29:02 App is up to date.
2025-01-22 01:39:02 Checking for update using Github
2025-01-22 01:39:02 Success.
2025-01-22 01:39:02 Latest version is 1.7.7
2025-01-22 01:39:02 App is up to date.
2025-01-23 02:53:04 Loading main app package /usr/lib/obsidian/obsidian.asar
2025-01-23 02:53:05 Checking for update using Github
2025-01-23 02:53:05 Success.
2025-01-23 02:53:05 Latest version is 1.7.7
2025-01-23 02:53:05 App is up to date.
2025-01-23 03:53:04 Checking for update using Github
2025-01-23 03:53:04 Success.
2025-01-23 03:53:04 Latest version is 1.7.7
2025-01-23 03:53:04 App is up to date.
2025-01-23 04:53:04 Checking for update using Github
2025-01-23 04:53:04 Success.
2025-01-23 04:53:04 Latest version is 1.7.7
2025-01-23 04:53:04 App is up to date.
2025-01-24 02:32:32 Loading main app package /usr/lib/obsidian/obsidian.asar
2025-01-24 02:32:32 Checking for update using Github
2025-01-24 02:32:33 Success.
2025-01-24 02:32:33 Latest version is 1.7.7
2025-01-24 02:32:33 App is up to date.
2025-01-24 03:34:19 Checking for update using Github
2025-01-24 03:34:19 Success.
2025-01-24 03:34:19 Latest version is 1.7.7
2025-01-24 03:34:19 App is up to date.
2025-01-24 18:19:47 Loading main app package /usr/lib/obsidian/obsidian.asar
2025-01-24 18:19:47 Checking for update using Github
2025-01-24 18:19:48 Success.
2025-01-24 18:19:48 Latest version is 1.7.7
2025-01-24 18:19:48 App is up to date.
2025-01-26 08:20:57 Loading main app package /usr/lib/obsidian/obsidian.asar
2025-01-26 08:20:57 Checking for update using Github
2025-01-26 08:20:58 Success.
2025-01-26 08:20:58 Latest version is 1.7.7
2025-01-26 08:20:58 App is up to date.
2025-01-26 23:36:08 Loading main app package /usr/lib/obsidian/obsidian.asar
2025-01-26 23:36:08 Checking for update using Github
2025-01-26 23:36:08 Success.
2025-01-26 23:36:08 Latest version is 1.7.7
2025-01-26 23:36:08 App is up to date.
2025-01-29 21:01:34 Loading main app package /usr/lib/obsidian/obsidian.asar
2025-01-29 21:01:35 Checking for update using Github
2025-01-29 21:01:35 Success.
2025-01-29 21:01:35 Latest version is 1.7.7
2025-01-29 21:01:35 App is up to date.
2025-01-30 02:22:30 Checking for update using Github
2025-01-31 03:14:12 Loading main app package /usr/lib/obsidian/obsidian.asar
2025-01-31 03:14:12 Checking for update using Github
2025-01-31 03:14:12 Success.
2025-01-31 03:14:12 Latest version is 1.8.3
2025-01-31 03:14:12 App is up to date.
2025-02-05 02:49:34 Loading main app package /usr/lib/obsidian/obsidian.asar
2025-02-05 02:49:34 Checking for update using Github
2025-02-05 02:49:35 Success.
2025-02-05 02:49:35 Latest version is 1.8.4
2025-02-05 02:49:35 App is up to date.
2025-02-05 20:34:16 Loading main app package /usr/lib/obsidian/obsidian.asar
2025-02-05 20:34:17 Checking for update using Github
2025-02-05 20:34:17 Success.
2025-02-05 20:34:17 Latest version is 1.8.4
2025-02-05 20:34:17 App is up to date.
2025-02-05 21:34:16 Checking for update using Github
2025-02-05 21:34:16 Success.
2025-02-05 21:34:16 Latest version is 1.8.4
2025-02-05 21:34:16 App is up to date.
2025-02-06 06:06:28 Loading main app package /usr/lib/obsidian/obsidian.asar
2025-02-06 06:06:29 Checking for update using Github
2025-02-06 06:06:29 Success.
2025-02-06 06:06:29 Latest version is 1.8.4
2025-02-06 06:06:29 App is up to date.
2025-02-07 01:19:39 Loading main app package /usr/lib/obsidian/obsidian.asar
2025-02-07 01:19:39 Checking for update using Github
2025-02-07 01:19:39 Success.
2025-02-07 01:19:39 Latest version is 1.8.4
2025-02-07 01:19:39 App is up to date.
2025-02-07 03:08:28 Loading main app package /usr/lib/obsidian/obsidian.asar
2025-02-07 03:08:29 Checking for update using Github
2025-02-07 03:08:29 Success.
2025-02-07 03:08:29 Latest version is 1.8.4
2025-02-07 03:08:29 App is up to date.
2025-02-17 16:16:29 Loading main app package /usr/lib/obsidian/obsidian.asar
2025-02-17 16:16:29 Checking for update using Github
2025-02-17 16:16:30 Success.
2025-02-17 16:16:30 Latest version is 1.8.4
2025-02-17 16:16:30 App is up to date.
2025-02-18 20:21:41 Checking for update using Github
2025-02-20 18:12:01 Loading main app package /usr/lib/obsidian/obsidian.asar
2025-02-20 18:12:02 Checking for update using Github
2025-02-20 18:12:02 Success.
2025-02-20 18:12:02 Latest version is 1.8.7
2025-02-20 18:12:02 App is up to date.
2025-02-20 19:12:01 Checking for update using Github
2025-02-20 19:12:02 Success.
2025-02-20 19:12:02 Latest version is 1.8.7
2025-02-20 19:12:02 App is up to date.
2025-02-21 18:00:06 Loading main app package /usr/lib/obsidian/obsidian.asar
2025-02-21 18:00:07 Checking for update using Github
2025-02-21 18:00:08 Success.
2025-02-21 18:00:08 Latest version is 1.8.7
2025-02-21 18:00:08 App is up to date.
